# JRE version: OpenJDK Runtime Environment (8.0_242-b01) (build 1.8.0_242-release-1644-b01)
# Java VM: OpenJDK 64-Bit Server VM (25.242-b01 mixed mode windows-amd64 compressed oops)
Heap:
 PSYoungGen      total 106496K, used 8164K [0x00000000e0000000, 0x00000000e7000000, 0x0000000100000000)
  eden space 98304K, 0% used [0x00000000e0000000,0x00000000e0000000,0x00000000e6000000)
  from space 8192K, 99% used [0x00000000e6800000,0x00000000e6ff9278,0x00000000e7000000)
  to   space 8192K, 0% used [0x00000000e6000000,0x00000000e6000000,0x00000000e6800000)
 ParOldGen       total 131072K, used 3940K [0x00000000a0000000, 0x00000000a8000000, 0x00000000e0000000)
  object space 131072K, 3% used [0x00000000a0000000,0x00000000a03d92f0,0x00000000a8000000)
 Metaspace       used 20656K, capacity 21132K, committed 21296K, reserved 1067008K
  class space    used 2914K, capacity 3129K, committed 3200K, reserved 1048576K
GC Heap History (9 events):
Event: 5.267 GC heap before
{Heap before GC invocations=1 (full 0):
 PSYoungGen      total 57344K, used 49152K [0x00000000e0000000, 0x00000000e4000000, 0x0000000100000000)
  eden space 49152K, 100% used [0x00000000e0000000,0x00000000e3000000,0x00000000e3000000)
  from space 8192K, 0% used [0x00000000e3800000,0x00000000e3800000,0x00000000e4000000)
  to   space 8192K, 0% used [0x00000000e3000000,0x00000000e3000000,0x00000000e3800000)
 ParOldGen       total 131072K, used 0K [0x00000000a0000000, 0x00000000a8000000, 0x00000000e0000000)
  object space 131072K, 0% used [0x00000000a0000000,0x00000000a0000000,0x00000000a8000000)
 Metaspace       used 6886K, capacity 7062K, committed 7424K, reserved 1056768K
  class space    used 829K, capacity 910K, committed 1024K, reserved 1048576K
Event: 5.278 GC heap after
Heap after GC invocations=1 (full 0):
 PSYoungGen      total 57344K, used 5041K [0x00000000e0000000, 0x00000000e4000000, 0x0000000100000000)
  eden space 49152K, 0% used [0x00000000e0000000,0x00000000e0000000,0x00000000e3000000)
  from space 8192K, 61% used [0x00000000e3000000,0x00000000e34ec520,0x00000000e3800000)
  to   space 8192K, 0% used [0x00000000e3800000,0x00000000e3800000,0x00000000e4000000)
 ParOldGen       total 131072K, used 8K [0x00000000a0000000, 0x00000000a8000000, 0x00000000e0000000)
  object space 131072K, 0% used [0x00000000a0000000,0x00000000a0002000,0x00000000a8000000)
 Metaspace       used 6886K, capacity 7062K, committed 7424K, reserved 1056768K
  class space    used 829K, capacity 910K, committed 1024K, reserved 1048576K
}
Event: 7.614 GC heap before
{Heap before GC invocations=2 (full 0):
 PSYoungGen      total 57344K, used 54193K [0x00000000e0000000, 0x00000000e4000000, 0x0000000100000000)
  eden space 49152K, 100% used [0x00000000e0000000,0x00000000e3000000,0x00000000e3000000)
  from space 8192K, 61% used [0x00000000e3000000,0x00000000e34ec520,0x00000000e3800000)
  to   space 8192K, 0% used [0x00000000e3800000,0x00000000e3800000,0x00000000e4000000)
 ParOldGen       total 131072K, used 8K [0x00000000a0000000, 0x00000000a8000000, 0x00000000e0000000)
  object space 131072K, 0% used [0x00000000a0000000,0x00000000a0002000,0x00000000a8000000)
 Metaspace       used 12825K, capacity 13148K, committed 13440K, reserved 1060864K
  class space    used 1756K, capacity 1868K, committed 1920K, reserved 1048576K
Event: 7.631 GC heap after
Heap after GC invocations=2 (full 0):
 PSYoungGen      total 57344K, used 7319K [0x00000000e0000000, 0x00000000e4000000, 0x0000000100000000)
  eden space 49152K, 0% used [0x00000000e0000000,0x00000000e0000000,0x00000000e3000000)
  from space 8192K, 89% used [0x00000000e3800000,0x00000000e3f25c78,0x00000000e4000000)
  to   space 8192K, 0% used [0x00000000e3000000,0x00000000e3000000,0x00000000e3800000)
 ParOldGen       total 131072K, used 16K [0x00000000a0000000, 0x00000000a8000000, 0x00000000e0000000)
  object space 131072K, 0% used [0x00000000a0000000,0x00000000a0004000,0x00000000a8000000)
 Metaspace       used 12825K, capacity 13148K, committed 13440K, reserved 1060864K
  class space    used 1756K, capacity 1868K, committed 1920K, reserved 1048576K
}
Event: 8.657 GC heap before
{Heap before GC invocations=3 (full 0):
 PSYoungGen      total 57344K, used 56471K [0x00000000e0000000, 0x00000000e4000000, 0x0000000100000000)
  eden space 49152K, 100% used [0x00000000e0000000,0x00000000e3000000,0x00000000e3000000)
  from space 8192K, 89% used [0x00000000e3800000,0x00000000e3f25c78,0x00000000e4000000)
  to   space 8192K, 0% used [0x00000000e3000000,0x00000000e3000000,0x00000000e3800000)
 ParOldGen       total 131072K, used 16K [0x00000000a0000000, 0x00000000a8000000, 0x00000000e0000000)
  object space 131072K, 0% used [0x00000000a0000000,0x00000000a0004000,0x00000000a8000000)
 Metaspace       used 17102K, capacity 17490K, committed 17792K, reserved 1064960K
  class space    used 2457K, capacity 2617K, committed 2688K, reserved 1048576K
Event: 8.722 GC heap after
Heap after GC invocations=3 (full 0):
 PSYoungGen      total 57344K, used 8186K [0x00000000e0000000, 0x00000000e7000000, 0x0000000100000000)
  eden space 49152K, 0% used [0x00000000e0000000,0x00000000e0000000,0x00000000e3000000)
  from space 8192K, 99% used [0x00000000e3000000,0x00000000e37febe8,0x00000000e3800000)
  to   space 8192K, 0% used [0x00000000e6800000,0x00000000e6800000,0x00000000e7000000)
 ParOldGen       total 131072K, used 1708K [0x00000000a0000000, 0x00000000a8000000, 0x00000000e0000000)
  object space 131072K, 1% used [0x00000000a0000000,0x00000000a01ab0e8,0x00000000a8000000)
 Metaspace       used 17102K, capacity 17490K, committed 17792K, reserved 1064960K
  class space    used 2457K, capacity 2617K, committed 2688K, reserved 1048576K
}
Event: 10.057 GC heap before
{Heap before GC invocations=4 (full 0):
 PSYoungGen      total 57344K, used 40780K [0x00000000e0000000, 0x00000000e7000000, 0x0000000100000000)
  eden space 49152K, 66% used [0x00000000e0000000,0x00000000e1fd4580,0x00000000e3000000)
  from space 8192K, 99% used [0x00000000e3000000,0x00000000e37febe8,0x00000000e3800000)
  to   space 8192K, 0% used [0x00000000e6800000,0x00000000e6800000,0x00000000e7000000)
 ParOldGen       total 131072K, used 1708K [0x00000000a0000000, 0x00000000a8000000, 0x00000000e0000000)
  object space 131072K, 1% used [0x00000000a0000000,0x00000000a01ab0e8,0x00000000a8000000)
 Metaspace       used 20656K, capacity 21132K, committed 21296K, reserved 1067008K
  class space    used 2914K, capacity 3129K, committed 3200K, reserved 1048576K
Event: 10.083 GC heap after
Heap after GC invocations=4 (full 0):
 PSYoungGen      total 106496K, used 8164K [0x00000000e0000000, 0x00000000e7000000, 0x0000000100000000)
  eden space 98304K, 0% used [0x00000000e0000000,0x00000000e0000000,0x00000000e6000000)
  from space 8192K, 99% used [0x00000000e6800000,0x00000000e6ff9278,0x00000000e7000000)
  to   space 8192K, 0% used [0x00000000e6000000,0x00000000e6000000,0x00000000e6800000)
 ParOldGen       total 131072K, used 3940K [0x00000000a0000000, 0x00000000a8000000, 0x00000000e0000000)
  object space 131072K, 3% used [0x00000000a0000000,0x00000000a03d92f0,0x00000000a8000000)
 Metaspace       used 20656K, capacity 21132K, committed 21296K, reserved 1067008K
  class space    used 2914K, capacity 3129K, committed 3200K, reserved 1048576K
}
Event: 10.083 GC heap before
{Heap before GC invocations=5 (full 1):
 PSYoungGen      total 106496K, used 8164K [0x00000000e0000000, 0x00000000e7000000, 0x0000000100000000)
  eden space 98304K, 0% used [0x00000000e0000000,0x00000000e0000000,0x00000000e6000000)
  from space 8192K, 99% used [0x00000000e6800000,0x00000000e6ff9278,0x00000000e7000000)
  to   space 8192K, 0% used [0x00000000e6000000,0x00000000e6000000,0x00000000e6800000)
 ParOldGen       total 131072K, used 3940K [0x00000000a0000000, 0x00000000a8000000, 0x00000000e0000000)
  object space 131072K, 3% used [0x00000000a0000000,0x00000000a03d92f0,0x00000000a8000000)
 Metaspace       used 20656K, capacity 21132K, committed 21296K, reserved 1067008K
  class space    used 2914K, capacity 3129K, committed 3200K, reserved 1048576K

